<?xml version="1.0" encoding="UTF-8"?>
<testng-results total="1" passed="1" failed="0" skipped="0">
  <reporter-output>
  </reporter-output>
  <suite started-at="2023-03-10T15:56:26Z" name="Default suite" finished-at="2023-03-10T15:56:30Z" duration-ms="4386">
    <groups>
    </groups>
    <test started-at="2023-03-10T15:56:26Z" name="Default test" finished-at="2023-03-10T15:56:30Z" duration-ms="4386">
      <class name="com.raj.testData.getUrl">
        <test-method is-config="true" signature="setAndLaunchBrowser()[pri:0, instance:com.raj.testData.getUrl@5ef5c734]" started-at="2023-03-10T21:26:26Z" name="setAndLaunchBrowser" finished-at="2023-03-10T21:26:30Z" duration-ms="4168" status="PASS">
          <reporter-output>
          </reporter-output>
        </test-method> <!-- setAndLaunchBrowser -->
        <test-method signature="displayUrl()[pri:0, instance:com.raj.testData.getUrl@5ef5c734]" started-at="2023-03-10T21:26:30Z" name="displayUrl" finished-at="2023-03-10T21:26:30Z" duration-ms="13" status="PASS">
          <reporter-output>
          </reporter-output>
        </test-method> <!-- displayUrl -->
        <test-method is-config="true" signature="tearDown()[pri:0, instance:com.raj.testData.getUrl@5ef5c734]" started-at="2023-03-10T21:26:30Z" name="tearDown" finished-at="2023-03-10T21:26:30Z" duration-ms="186" status="PASS">
          <reporter-output>
          </reporter-output>
        </test-method> <!-- tearDown -->
      </class> <!-- com.raj.testData.getUrl -->
    </test> <!-- Default test -->
  </suite> <!-- Default suite -->
</testng-results>
