<?xml version="1.0" encoding="UTF-8"?>
<testng-results total="1" passed="1" failed="0" skipped="0">
  <reporter-output>
  </reporter-output>
  <suite started-at="2023-03-03T12:19:04Z" name="Default suite" finished-at="2023-03-03T12:19:06Z" duration-ms="2686">
    <groups>
    </groups>
    <test started-at="2023-03-03T12:19:04Z" name="Default test" finished-at="2023-03-03T12:19:06Z" duration-ms="2686">
      <class name="MyTest.JavaSeleniumtestNg.Program1">
        <test-method is-config="true" signature="setUp()[pri:0, instance:MyTest.JavaSeleniumtestNg.Program1@76a2ddf3]" started-at="2023-03-03T17:49:04Z" name="setUp" finished-at="2023-03-03T17:49:06Z" duration-ms="2592" status="PASS">
          <reporter-output>
          </reporter-output>
        </test-method> <!-- setUp -->
        <test-method signature="verify()[pri:0, instance:MyTest.JavaSeleniumtestNg.Program1@76a2ddf3]" started-at="2023-03-03T17:49:06Z" name="verify" finished-at="2023-03-03T17:49:06Z" duration-ms="8" status="PASS">
          <reporter-output>
          </reporter-output>
        </test-method> <!-- verify -->
        <test-method is-config="true" signature="tearDown()[pri:0, instance:MyTest.JavaSeleniumtestNg.Program1@76a2ddf3]" started-at="2023-03-03T17:49:06Z" name="tearDown" finished-at="2023-03-03T17:49:06Z" duration-ms="78" status="PASS">
          <reporter-output>
          </reporter-output>
        </test-method> <!-- tearDown -->
      </class> <!-- MyTest.JavaSeleniumtestNg.Program1 -->
    </test> <!-- Default test -->
  </suite> <!-- Default suite -->
</testng-results>
